<?xml version="1.0" encoding="UTF-8"?>
<!-- Generated by org.testng.reporters.JUnitReportReporter -->
<testsuite skipped="0" hostname="User1-PC" name="com.class12.ReadingPropertyFile" tests="1" failures="0" timestamp="02 Jun 2019 18:29:27 GMT" time="5.426" errors="0">
  <testcase name="readFile" time="5.426" classname="com.class12.ReadingPropertyFile"/>
</testsuite> <!-- com.class12.ReadingPropertyFile -->
