<?xml version="1.0" encoding="UTF-8"?>
<!-- Generated by org.testng.reporters.JUnitReportReporter -->
<testsuite skipped="0" hostname="User1-PC" name="com.class12.FlightSearch" tests="1" failures="0" timestamp="02 Jun 2019 16:29:35 GMT" time="18.753" errors="0">
  <testcase name="searchFlight" time="18.753" classname="com.class12.FlightSearch"/>
</testsuite> <!-- com.class12.FlightSearch -->
